#
# A fatal error has been detected by the Java Runtime Environment:
#
#  SIGBUS (0x7) at pc=0x00007f9d4055d980, pid=25151, tid=0x00007f9d0f03d700
#
# JRE version: OpenJDK Runtime Environment (8.0_222-b10) (build 1.8.0_222-8u222-b10-1ubuntu1~19.04.1-b10)
# Java VM: OpenJDK 64-Bit Server VM (25.222-b10 mixed mode linux-amd64 compressed oops)
# Problematic frame:
# C  [libzip.so+0x5980]
#
# Failed to write core dump. Core dumps have been disabled. To enable core dumping, try "ulimit -c unlimited" before starting Java again
#
# If you would like to submit a bug report, please visit:
#   http://bugreport.java.com/bugreport/crash.jsp
# The crash happened outside the Java Virtual Machine in native code.
# See problematic frame for where to report the bug.
#

---------------  T H R E A D  ---------------

Current thread (0x00007f9d1802c000):  JavaThread "Thread-11" [_thread_in_native, id=28819, stack(0x00007f9d0ef3d000,0x00007f9d0f03e000)]

siginfo: si_signo: 7 (SIGBUS), si_code: 2 (BUS_ADRERR), si_addr: 0x00007f9d26a5d11c

Registers:
RAX=0x00007f9d28020560, RBX=0x00007f9d3c150f70, RCX=0x00007f9d28000020, RDX=0x00007f9d28020560
RSP=0x00007f9d0f03a690, RBP=0x00007f9d0f03a700, RSI=0x0000000000000000, RDI=0x00007f9d2801ffa8
R8 =0x00007f9d2801ff90, R9 =0x00007f9d28027ce0, R10=0x00007f9d28020550, R11=0x00007f9d28000080
R12=0x000000000009b0fe, R13=0x000000009ac6435b, R14=0x00007f9d26a5d0fe, R15=0x00007f9d28020560
RIP=0x00007f9d4055d980, EFLAGS=0x0000000000010202, CSGSFS=0x002b000000000033, ERR=0x0000000000000004
  TRAPNO=0x000000000000000e

Top of Stack: (sp=0x00007f9d0f03a690)
0x00007f9d0f03a690:   0000000000000000 0000000000000000
0x00007f9d0f03a6a0:   0000000000000000 0000000000000000
0x00007f9d0f03a6b0:   0000000000000000 0000000000000000
0x00007f9d0f03a6c0:   000000001802c000 00007f9d4123b3f1
0x00007f9d0f03a6d0:   000000000000002b 00007f9d3c169a80
0x00007f9d0f03a6e0:   000000000000002b 000000009ac6435b
0x00007f9d0f03a6f0:   00007f9d18028a20 00007f9d3c150f70
0x00007f9d0f03a700:   00007f9d0f03a750 00007f9d4055e60e
0x00007f9d0f03a710:   0000002b01000000 00007f9d0f03a770
0x00007f9d0f03a720:   00007f9d0f03a750 000000000000002b
0x00007f9d0f03a730:   00007f9d1802c1e0 00007f9d0f03a770
0x00007f9d0f03a740:   00007f9d3c150f70 00007f9d0f03abc8
0x00007f9d0f03a750:   00007f9d0f03abb0 00007f9d4055c616
0x00007f9d0f03a760:   0000000000000000 0000000100000000
0x00007f9d0f03a770:   696c63652f67726f 7474656a2f657370
0x00007f9d0f03a780:   462f6c6974752f79 6c61436572757475
0x00007f9d0f03a790:   6c632e6b6361626c 0000000000737361
0x00007f9d0f03a7a0:   0000000000000000 0000000000000000
0x00007f9d0f03a7b0:   0000000000000000 0000000000000000
0x00007f9d0f03a7c0:   0000000000000000 0000000000000000
0x00007f9d0f03a7d0:   0000000000000000 0000000000000000
0x00007f9d0f03a7e0:   0000000000000000 000000000f579558
0x00007f9d0f03a7f0:   000000000f579538 0000000000000000
0x00007f9d0f03a800:   0000000000000000 0000000000000000
0x00007f9d0f03a810:   0000000000000000 0000000000000000
0x00007f9d0f03a820:   0000000000000000 000000000f5794f8
0x00007f9d0f03a830:   0000000000000000 0000000000000000
0x00007f9d0f03a840:   0000000000000000 000000000f579518
0x00007f9d0f03a850:   0000000000000000 0000000000000000
0x00007f9d0f03a860:   0000000000000000 0000000000000000
0x00007f9d0f03a870:   0000000000000000 0000000000000000
0x00007f9d0f03a880:   0000000000000000 000000000f5794b8 

Instructions: (pc=0x00007f9d4055d980)
0x00007f9d4055d960:   00 00 00 4d 8b 24 24 48 c7 40 28 00 00 00 00 0f
0x00007f9d4055d970:   84 3b 01 00 00 4c 8b 73 18 4c 2b 63 28 4d 01 e6
0x00007f9d4055d980:   41 0f b7 46 1e 45 0f b7 6e 1c 48 c7 45 c8 00 00
0x00007f9d4055d990:   00 00 66 89 45 c2 41 0f b7 46 20 4d 89 ec 66 89 

Register to memory mapping:

RAX=0x00007f9d28020560 is an unknown value
RBX=0x00007f9d3c150f70 is an unknown value
RCX=0x00007f9d28000020 is an unknown value
RDX=0x00007f9d28020560 is an unknown value
RSP=0x00007f9d0f03a690 is pointing into the stack for thread: 0x00007f9d1802c000
RBP=0x00007f9d0f03a700 is pointing into the stack for thread: 0x00007f9d1802c000
RSI=0x0000000000000000 is an unknown value
RDI=0x00007f9d2801ffa8 is an unknown value
R8 =0x00007f9d2801ff90 is an unknown value
R9 =0x00007f9d28027ce0 is an unknown value
R10=0x00007f9d28020550 is an unknown value
R11=0x00007f9d28000080 is an unknown value
R12=0x000000000009b0fe is an unknown value
R13=0x000000009ac6435b is an unknown value
R14=0x00007f9d26a5d0fe is an unknown value
R15=0x00007f9d28020560 is an unknown value


Stack: [0x00007f9d0ef3d000,0x00007f9d0f03e000],  sp=0x00007f9d0f03a690,  free space=1013k
Native frames: (J=compiled Java code, j=interpreted, Vv=VM code, C=native code)
C  [libzip.so+0x5980]
C  [libzip.so+0x660e]
C  [libzip.so+0x4616]  Java_java_util_zip_ZipFile_getEntry+0x86
J 57  java.util.zip.ZipFile.getEntry(J[BZ)J (0 bytes) @ 0x00007f9d2d12aa8e [0x00007f9d2d12a9c0+0xce]
J 1770 C2 sun.misc.URLClassPath$JarLoader.getResource(Ljava/lang/String;Z)Lsun/misc/Resource; (85 bytes) @ 0x00007f9d2d56e6b4 [0x00007f9d2d56e320+0x394]
J 1236 C2 sun.misc.URLClassPath.getResource(Ljava/lang/String;Z)Lsun/misc/Resource; (83 bytes) @ 0x00007f9d2d3f72ec [0x00007f9d2d3f71a0+0x14c]
J 1855 C2 java.net.URLClassLoader$1.run()Ljava/lang/Class; (63 bytes) @ 0x00007f9d2d68df68 [0x00007f9d2d68daa0+0x4c8]
J 207 C1 java.net.URLClassLoader$1.run()Ljava/lang/Object; (5 bytes) @ 0x00007f9d2d184c49 [0x00007f9d2d184bc0+0x89]
v  ~StubRoutines::call_stub
V  [libjvm.so+0x6420d5]
V  [libjvm.so+0x696133]  JVM_DoPrivileged+0x2c3
J 185  java.security.AccessController.doPrivileged(Ljava/security/PrivilegedExceptionAction;Ljava/security/AccessControlContext;)Ljava/lang/Object; (0 bytes) @ 0x00007f9d2d179255 [0x00007f9d2d179180+0xd5]
J 1856 C2 java.net.URLClassLoader.findClass(Ljava/lang/String;)Ljava/lang/Class; (47 bytes) @ 0x00007f9d2d6898b0 [0x00007f9d2d689820+0x90]
J 1790 C2 java.lang.ClassLoader.loadClass(Ljava/lang/String;Z)Ljava/lang/Class; (122 bytes) @ 0x00007f9d2d597d68 [0x00007f9d2d5972e0+0xa88]
J 220 C1 sun.misc.Launcher$AppClassLoader.loadClass(Ljava/lang/String;Z)Ljava/lang/Class; (85 bytes) @ 0x00007f9d2d18a7f7 [0x00007f9d2d189e80+0x977]
J 218 C1 java.lang.ClassLoader.loadClass(Ljava/lang/String;)Ljava/lang/Class; (7 bytes) @ 0x00007f9d2d189742 [0x00007f9d2d189640+0x102]
v  ~StubRoutines::call_stub
V  [libjvm.so+0x6420d5]
V  [libjvm.so+0x63f84f]
V  [libjvm.so+0x63feb5]
V  [libjvm.so+0x99a9e6]
V  [libjvm.so+0x99b34a]
V  [libjvm.so+0x99d2f1]
V  [libjvm.so+0x4a9682]
V  [libjvm.so+0x63354e]
j  org.eclipse.jetty.server.AbstractConnector.shutdown()Ljava/util/concurrent/Future;+0
j  org.eclipse.jetty.server.AbstractNetworkConnector.shutdown()Ljava/util/concurrent/Future;+5
j  org.eclipse.jetty.server.ServerConnector.shutdown()Ljava/util/concurrent/Future;+1
j  org.eclipse.jetty.server.Server.doStop()V+89
j  org.eclipse.jetty.util.component.AbstractLifeCycle.stop()V+30
j  org.eclipse.jetty.util.thread.ShutdownThread.run()V+41
v  ~StubRoutines::call_stub
V  [libjvm.so+0x6420d5]
V  [libjvm.so+0x63f84f]
V  [libjvm.so+0x63fe03]
V  [libjvm.so+0x684a4b]
V  [libjvm.so+0x9ce41c]
V  [libjvm.so+0x9ce808]
V  [libjvm.so+0x8848a2]
C  [libpthread.so.0+0x9182]  start_thread+0xe2

Java frames: (J=compiled Java code, j=interpreted, Vv=VM code)
J 57  java.util.zip.ZipFile.getEntry(J[BZ)J (0 bytes) @ 0x00007f9d2d12aa18 [0x00007f9d2d12a9c0+0x58]
J 1770 C2 sun.misc.URLClassPath$JarLoader.getResource(Ljava/lang/String;Z)Lsun/misc/Resource; (85 bytes) @ 0x00007f9d2d56e6b4 [0x00007f9d2d56e320+0x394]
J 1236 C2 sun.misc.URLClassPath.getResource(Ljava/lang/String;Z)Lsun/misc/Resource; (83 bytes) @ 0x00007f9d2d3f72ec [0x00007f9d2d3f71a0+0x14c]
J 1855 C2 java.net.URLClassLoader$1.run()Ljava/lang/Class; (63 bytes) @ 0x00007f9d2d68df68 [0x00007f9d2d68daa0+0x4c8]
J 207 C1 java.net.URLClassLoader$1.run()Ljava/lang/Object; (5 bytes) @ 0x00007f9d2d184c49 [0x00007f9d2d184bc0+0x89]
v  ~StubRoutines::call_stub
J 185  java.security.AccessController.doPrivileged(Ljava/security/PrivilegedExceptionAction;Ljava/security/AccessControlContext;)Ljava/lang/Object; (0 bytes) @ 0x00007f9d2d1791e3 [0x00007f9d2d179180+0x63]
J 1856 C2 java.net.URLClassLoader.findClass(Ljava/lang/String;)Ljava/lang/Class; (47 bytes) @ 0x00007f9d2d6898b0 [0x00007f9d2d689820+0x90]
J 1790 C2 java.lang.ClassLoader.loadClass(Ljava/lang/String;Z)Ljava/lang/Class; (122 bytes) @ 0x00007f9d2d597d68 [0x00007f9d2d5972e0+0xa88]
J 220 C1 sun.misc.Launcher$AppClassLoader.loadClass(Ljava/lang/String;Z)Ljava/lang/Class; (85 bytes) @ 0x00007f9d2d18a7f7 [0x00007f9d2d189e80+0x977]
J 218 C1 java.lang.ClassLoader.loadClass(Ljava/lang/String;)Ljava/lang/Class; (7 bytes) @ 0x00007f9d2d189742 [0x00007f9d2d189640+0x102]
v  ~StubRoutines::call_stub
j  org.eclipse.jetty.server.AbstractConnector.shutdown()Ljava/util/concurrent/Future;+0
j  org.eclipse.jetty.server.AbstractNetworkConnector.shutdown()Ljava/util/concurrent/Future;+5
j  org.eclipse.jetty.server.ServerConnector.shutdown()Ljava/util/concurrent/Future;+1
j  org.eclipse.jetty.server.Server.doStop()V+89
j  org.eclipse.jetty.util.component.AbstractLifeCycle.stop()V+30
j  org.eclipse.jetty.util.thread.ShutdownThread.run()V+41
v  ~StubRoutines::call_stub

---------------  P R O C E S S  ---------------

Java Threads: ( => current thread )
=>0x00007f9d1802c000 JavaThread "Thread-11" [_thread_in_native, id=28819, stack(0x00007f9d0ef3d000,0x00007f9d0f03e000)]
  0x00007f9d1c004800 JavaThread "SIGINT handler" daemon [_thread_blocked, id=28817, stack(0x00007f9d0f2cc000,0x00007f9d0f3cd000)]
  0x00007f9d101b1800 JavaThread "dw-admin-59" [_thread_blocked, id=28802, stack(0x00007f9d0f03e000,0x00007f9d0f13f000)]
  0x00007f9d10160000 JavaThread "Scheduler-883020319" [_thread_blocked, id=28666, stack(0x00007f9d0f5f8000,0x00007f9d0f6f9000)]
  0x00007f9d3c00a800 JavaThread "DestroyJavaVM" [_thread_blocked, id=25152, stack(0x00007f9d405a7000,0x00007f9d406a7000)]
  0x00007f9d149c4800 JavaThread "dw-admin-21-acceptor-0@1b3a39e3-admin@61526469{HTTP/1.1,[http/1.1]}{0.0.0.0:8081}" [_thread_in_native, id=25172, stack(0x00007f9d0f6f9000,0x00007f9d0f7fa000)]
  0x00007f9d3c6f8000 JavaThread "dw-admin-20" [_thread_in_native, id=25171, stack(0x00007f9d0f9fa000,0x00007f9d0fafb000)]
  0x00007f9d3c1ca000 JavaThread "dw-18" [_thread_blocked, id=25170, stack(0x00007f9d0fafb000,0x00007f9d0fbfc000)]
  0x00007f9d3c1c8000 JavaThread "dw-17" [_thread_blocked, id=25169, stack(0x00007f9d0fbfc000,0x00007f9d0fcfd000)]
  0x00007f9d3c1c6000 JavaThread "dw-16" [_thread_in_native, id=25168, stack(0x00007f9d0fcfd000,0x00007f9d0fdfe000)]
  0x00007f9d3c1c4000 JavaThread "dw-15" [_thread_blocked, id=25167, stack(0x00007f9d0fdfe000,0x00007f9d0feff000)]
  0x00007f9d3c1c2800 JavaThread "dw-14" [_thread_blocked, id=25166, stack(0x00007f9d0feff000,0x00007f9d10000000)]
  0x00007f9d3c0e9000 JavaThread "dw-13" [_thread_blocked, id=25165, stack(0x00007f9d240bc000,0x00007f9d241bd000)]
  0x00007f9d3c0e7800 JavaThread "dw-12-acceptor-0@64dfd41d-application@569bf9eb{HTTP/1.1,[http/1.1]}{0.0.0.0:8080}" [_thread_blocked, id=25164, stack(0x00007f9d241bd000,0x00007f9d242be000)]
  0x00007f9d3c0ec000 JavaThread "dw-11" [_thread_blocked, id=25163, stack(0x00007f9d242be000,0x00007f9d243bf000)]
  0x00007f9d3c0e5800 JavaThread "AsyncAppender-Worker-async-console-appender" daemon [_thread_blocked, id=25162, stack(0x00007f9d243bf000,0x00007f9d244c0000)]
  0x00007f9d3c62e800 JavaThread "AsyncAppender-Worker-async-console-appender" daemon [_thread_blocked, id=25161, stack(0x00007f9d246c0000,0x00007f9d247c1000)]
  0x00007f9d3c0ed000 JavaThread "Service Thread" daemon [_thread_blocked, id=25159, stack(0x00007f9d26d20000,0x00007f9d26e21000)]
  0x00007f9d3c0d8000 JavaThread "C1 CompilerThread1" daemon [_thread_blocked, id=25158, stack(0x00007f9d26e22000,0x00007f9d26f22000)]
  0x00007f9d3c0d5800 JavaThread "C2 CompilerThread0" daemon [_thread_blocked, id=25157, stack(0x00007f9d26f23000,0x00007f9d27023000)]
  0x00007f9d3c0d4000 JavaThread "Signal Dispatcher" daemon [_thread_blocked, id=25156, stack(0x00007f9d27023000,0x00007f9d27124000)]
  0x00007f9d3c0a1800 JavaThread "Finalizer" daemon [_thread_blocked, id=25155, stack(0x00007f9d27eff000,0x00007f9d28000000)]
  0x00007f9d3c09f000 JavaThread "Reference Handler" daemon [_thread_blocked, id=25154, stack(0x00007f9d2c03c000,0x00007f9d2c13d000)]

Other Threads:
  0x00007f9d3c095800 VMThread [stack: 0x00007f9d2c13e000,0x00007f9d2c23e000] [id=25153]
  0x00007f9d3c0f0000 WatcherThread [stack: 0x00007f9d26c20000,0x00007f9d26d20000] [id=25160]

VM state:not at safepoint (normal execution)

VM Mutex/Monitor currently owned by a thread: None

heap address: 0x00000000b4600000, size: 1210 MB, Compressed Oops mode: 32-bit
Narrow klass base: 0x0000000000000000, Narrow klass shift: 3
Compressed class space size: 1073741824 Address: 0x0000000100000000

Heap:
 def new generation   total 23424K, used 13993K [0x00000000b4600000, 0x00000000b5f60000, 0x00000000cd950000)
  eden space 20864K,  55% used [0x00000000b4600000, 0x00000000b5146888, 0x00000000b5a60000)
  from space 2560K,  95% used [0x00000000b5a60000, 0x00000000b5cc3d80, 0x00000000b5ce0000)
  to   space 2560K,   0% used [0x00000000b5ce0000, 0x00000000b5ce0000, 0x00000000b5f60000)
 tenured generation   total 51904K, used 13359K [0x00000000cd950000, 0x00000000d0c00000, 0x0000000100000000)
   the space 51904K,  25% used [0x00000000cd950000, 0x00000000ce65bc48, 0x00000000ce65be00, 0x00000000d0c00000)
 Metaspace       used 27362K, capacity 27636K, committed 28032K, reserved 1073152K
  class space    used 3461K, capacity 3586K, committed 3712K, reserved 1048576K

Card table byte_map: [0x00007f9d2cda2000,0x00007f9d2d000000] byte_map_base: 0x00007f9d2c7ff000

Polling page: 0x00007f9d4056c000

CodeCache: size=245760Kb used=6944Kb max_used=6944Kb free=238815Kb
 bounds [0x00007f9d2d000000, 0x00007f9d2d6d0000, 0x00007f9d3c000000]
 total_blobs=2747 nmethods=2316 adapters=344
 compilation: enabled

Compilation events (10 events):
Event: 1916.252 Thread 0x00007f9d3c0d5800 2355       4       com.codahale.metrics.EWMA::tick (57 bytes)
Event: 1916.264 Thread 0x00007f9d3c0d5800 nmethod 2355 0x00007f9d2d126b50 code [0x00007f9d2d126ca0, 0x00007f9d2d126d78]
Event: 1973.740 Thread 0x00007f9d3c0d8000 2358       3       java.util.concurrent.locks.AbstractQueuedSynchronizer::enq (58 bytes)
Event: 1973.741 Thread 0x00007f9d3c0d8000 nmethod 2358 0x00007f9d2d6cdc50 code [0x00007f9d2d6cdde0, 0x00007f9d2d6ce2f0]
Event: 1973.741 Thread 0x00007f9d3c0d8000 2357       3       java.util.concurrent.locks.AbstractQueuedSynchronizer$ConditionObject::checkInterruptWhileWaiting (27 bytes)
Event: 1973.741 Thread 0x00007f9d3c0d8000 nmethod 2357 0x00007f9d2d6cd1d0 code [0x00007f9d2d6cd3a0, 0x00007f9d2d6cd9f0]
Event: 1976.181 Thread 0x00007f9d3c0d8000 2359   !   3       java.util.concurrent.locks.AbstractQueuedSynchronizer::acquireQueued (93 bytes)
Event: 1976.182 Thread 0x00007f9d3c0d8000 nmethod 2359 0x00007f9d2d6cbe50 code [0x00007f9d2d6cc080, 0x00007f9d2d6ccb48]
Event: 2078.460 Thread 0x00007f9d3c0d8000 2360       3       java.util.logging.LogManager$LoggerContext::ensureDefaultLogger (70 bytes)
Event: 2078.461 Thread 0x00007f9d3c0d8000 nmethod 2360 0x00007f9d2d6cb1d0 code [0x00007f9d2d6cb3a0, 0x00007f9d2d6cbc20]

GC Heap History (10 events):
Event: 2.221 GC heap before
{Heap before GC invocations=1 (full 0):
 def new generation   total 23360K, used 23360K [0x00000000b4600000, 0x00000000b5f50000, 0x00000000cd950000)
  eden space 20800K, 100% used [0x00000000b4600000, 0x00000000b5a50000, 0x00000000b5a50000)
  from space 2560K, 100% used [0x00000000b5cd0000, 0x00000000b5f50000, 0x00000000b5f50000)
  to   space 2560K,   0% used [0x00000000b5a50000, 0x00000000b5a50000, 0x00000000b5cd0000)
 tenured generation   total 51904K, used 2386K [0x00000000cd950000, 0x00000000d0c00000, 0x0000000100000000)
   the space 51904K,   4% used [0x00000000cd950000, 0x00000000cdba4a48, 0x00000000cdba4c00, 0x00000000d0c00000)
 Metaspace       used 15245K, capacity 15456K, committed 15488K, reserved 1062912K
  class space    used 1842K, capacity 1920K, committed 1920K, reserved 1048576K
Event: 2.242 GC heap after
Heap after GC invocations=2 (full 0):
 def new generation   total 23360K, used 2560K [0x00000000b4600000, 0x00000000b5f50000, 0x00000000cd950000)
  eden space 20800K,   0% used [0x00000000b4600000, 0x00000000b4600000, 0x00000000b5a50000)
  from space 2560K, 100% used [0x00000000b5a50000, 0x00000000b5cd0000, 0x00000000b5cd0000)
  to   space 2560K,   0% used [0x00000000b5cd0000, 0x00000000b5cd0000, 0x00000000b5f50000)
 tenured generation   total 51904K, used 5167K [0x00000000cd950000, 0x00000000d0c00000, 0x0000000100000000)
   the space 51904K,   9% used [0x00000000cd950000, 0x00000000cde5bc70, 0x00000000cde5be00, 0x00000000d0c00000)
 Metaspace       used 15245K, capacity 15456K, committed 15488K, reserved 1062912K
  class space    used 1842K, capacity 1920K, committed 1920K, reserved 1048576K
}
Event: 3.847 GC heap before
{Heap before GC invocations=2 (full 0):
 def new generation   total 23360K, used 23360K [0x00000000b4600000, 0x00000000b5f50000, 0x00000000cd950000)
  eden space 20800K, 100% used [0x00000000b4600000, 0x00000000b5a50000, 0x00000000b5a50000)
  from space 2560K, 100% used [0x00000000b5a50000, 0x00000000b5cd0000, 0x00000000b5cd0000)
  to   space 2560K,   0% used [0x00000000b5cd0000, 0x00000000b5cd0000, 0x00000000b5f50000)
 tenured generation   total 51904K, used 5167K [0x00000000cd950000, 0x00000000d0c00000, 0x0000000100000000)
   the space 51904K,   9% used [0x00000000cd950000, 0x00000000cde5bc70, 0x00000000cde5be00, 0x00000000d0c00000)
 Metaspace       used 18265K, capacity 18452K, committed 18688K, reserved 1064960K
  class space    used 2194K, capacity 2286K, committed 2304K, reserved 1048576K
Event: 3.891 GC heap after
Heap after GC invocations=3 (full 0):
 def new generation   total 23360K, used 2560K [0x00000000b4600000, 0x00000000b5f50000, 0x00000000cd950000)
  eden space 20800K,   0% used [0x00000000b4600000, 0x00000000b4600000, 0x00000000b5a50000)
  from space 2560K, 100% used [0x00000000b5cd0000, 0x00000000b5f50000, 0x00000000b5f50000)
  to   space 2560K,   0% used [0x00000000b5a50000, 0x00000000b5a50000, 0x00000000b5cd0000)
 tenured generation   total 51904K, used 8000K [0x00000000cd950000, 0x00000000d0c00000, 0x0000000100000000)
   the space 51904K,  15% used [0x00000000cd950000, 0x00000000ce1201d8, 0x00000000ce120200, 0x00000000d0c00000)
 Metaspace       used 18265K, capacity 18452K, committed 18688K, reserved 1064960K
  class space    used 2194K, capacity 2286K, committed 2304K, reserved 1048576K
}
Event: 5.336 GC heap before
{Heap before GC invocations=3 (full 0):
 def new generation   total 23360K, used 21944K [0x00000000b4600000, 0x00000000b5f50000, 0x00000000cd950000)
  eden space 20800K,  93% used [0x00000000b4600000, 0x00000000b58ee008, 0x00000000b5a50000)
  from space 2560K, 100% used [0x00000000b5cd0000, 0x00000000b5f50000, 0x00000000b5f50000)
  to   space 2560K,   0% used [0x00000000b5a50000, 0x00000000b5a50000, 0x00000000b5cd0000)
 tenured generation   total 51904K, used 8000K [0x00000000cd950000, 0x00000000d0c00000, 0x0000000100000000)
   the space 51904K,  15% used [0x00000000cd950000, 0x00000000ce1201d8, 0x00000000ce120200, 0x00000000d0c00000)
 Metaspace       used 20836K, capacity 21082K, committed 21296K, reserved 1069056K
  class space    used 2551K, capacity 2645K, committed 2688K, reserved 1048576K
Event: 5.475 GC heap after
Heap after GC invocations=4 (full 1):
 def new generation   total 23424K, used 0K [0x00000000b4600000, 0x00000000b5f60000, 0x00000000cd950000)
  eden space 20864K,   0% used [0x00000000b4600000, 0x00000000b4600000, 0x00000000b5a60000)
  from space 2560K,   0% used [0x00000000b5a60000, 0x00000000b5a60000, 0x00000000b5ce0000)
  to   space 2560K,   0% used [0x00000000b5ce0000, 0x00000000b5ce0000, 0x00000000b5f60000)
 tenured generation   total 51904K, used 10936K [0x00000000cd950000, 0x00000000d0c00000, 0x0000000100000000)
   the space 51904K,  21% used [0x00000000cd950000, 0x00000000ce3fe280, 0x00000000ce3fe400, 0x00000000d0c00000)
 Metaspace       used 20836K, capacity 21082K, committed 21296K, reserved 1069056K
  class space    used 2551K, capacity 2645K, committed 2688K, reserved 1048576K
}
Event: 6.860 GC heap before
{Heap before GC invocations=4 (full 1):
 def new generation   total 23424K, used 20864K [0x00000000b4600000, 0x00000000b5f60000, 0x00000000cd950000)
  eden space 20864K, 100% used [0x00000000b4600000, 0x00000000b5a60000, 0x00000000b5a60000)
  from space 2560K,   0% used [0x00000000b5a60000, 0x00000000b5a60000, 0x00000000b5ce0000)
  to   space 2560K,   0% used [0x00000000b5ce0000, 0x00000000b5ce0000, 0x00000000b5f60000)
 tenured generation   total 51904K, used 10936K [0x00000000cd950000, 0x00000000d0c00000, 0x0000000100000000)
   the space 51904K,  21% used [0x00000000cd950000, 0x00000000ce3fe280, 0x00000000ce3fe400, 0x00000000d0c00000)
 Metaspace       used 24036K, capacity 24326K, committed 24704K, reserved 1071104K
  class space    used 3021K, capacity 3129K, committed 3200K, reserved 1048576K
Event: 6.872 GC heap after
Heap after GC invocations=5 (full 1):
 def new generation   total 23424K, used 2560K [0x00000000b4600000, 0x00000000b5f60000, 0x00000000cd950000)
  eden space 20864K,   0% used [0x00000000b4600000, 0x00000000b4600000, 0x00000000b5a60000)
  from space 2560K, 100% used [0x00000000b5ce0000, 0x00000000b5f60000, 0x00000000b5f60000)
  to   space 2560K,   0% used [0x00000000b5a60000, 0x00000000b5a60000, 0x00000000b5ce0000)
 tenured generation   total 51904K, used 12281K [0x00000000cd950000, 0x00000000d0c00000, 0x0000000100000000)
   the space 51904K,  23% used [0x00000000cd950000, 0x00000000ce54e498, 0x00000000ce54e600, 0x00000000d0c00000)
 Metaspace       used 24036K, capacity 24326K, committed 24704K, reserved 1071104K
  class space    used 3021K, capacity 3129K, committed 3200K, reserved 1048576K
}
Event: 908.148 GC heap before
{Heap before GC invocations=5 (full 1):
 def new generation   total 23424K, used 23424K [0x00000000b4600000, 0x00000000b5f60000, 0x00000000cd950000)
  eden space 20864K, 100% used [0x00000000b4600000, 0x00000000b5a60000, 0x00000000b5a60000)
  from space 2560K, 100% used [0x00000000b5ce0000, 0x00000000b5f60000, 0x00000000b5f60000)
  to   space 2560K,   0% used [0x00000000b5a60000, 0x00000000b5a60000, 0x00000000b5ce0000)
 tenured generation   total 51904K, used 12281K [0x00000000cd950000, 0x00000000d0c00000, 0x0000000100000000)
   the space 51904K,  23% used [0x00000000cd950000, 0x00000000ce54e498, 0x00000000ce54e600, 0x00000000d0c00000)
 Metaspace       used 25793K, capacity 26128K, committed 26496K, reserved 1073152K
  class space    used 3259K, capacity 3360K, committed 3456K, reserved 1048576K
Event: 908.205 GC heap after
Heap after GC invocations=6 (full 1):
 def new generation   total 23424K, used 2447K [0x00000000b4600000, 0x00000000b5f60000, 0x00000000cd950000)
  eden space 20864K,   0% used [0x00000000b4600000, 0x00000000b4600000, 0x00000000b5a60000)
  from space 2560K,  95% used [0x00000000b5a60000, 0x00000000b5cc3d80, 0x00000000b5ce0000)
  to   space 2560K,   0% used [0x00000000b5ce0000, 0x00000000b5ce0000, 0x00000000b5f60000)
 tenured generation   total 51904K, used 13359K [0x00000000cd950000, 0x00000000d0c00000, 0x0000000100000000)
   the space 51904K,  25% used [0x00000000cd950000, 0x00000000ce65bc48, 0x00000000ce65be00, 0x00000000d0c00000)
 Metaspace       used 25793K, capacity 26128K, committed 26496K, reserved 1073152K
  class space    used 3259K, capacity 3360K, committed 3456K, reserved 1048576K
}

Deoptimization events (10 events):
Event: 6.356 Thread 0x00007f9d3c00a800 Uncommon trap: reason=unstable_if action=reinterpret pc=0x00007f9d2d41f0c4 method=java.util.concurrent.ConcurrentHashMap.transfer([Ljava/util/concurrent/ConcurrentHashMap$Node;[Ljava/util/concurrent/ConcurrentHashMap$Node;)V @ 26
Event: 6.767 Thread 0x00007f9d3c00a800 Uncommon trap: reason=class_check action=maybe_recompile pc=0x00007f9d2d453cc4 method=java.lang.reflect.Method.equals(Ljava/lang/Object;)Z @ 5
Event: 6.767 Thread 0x00007f9d3c00a800 Uncommon trap: reason=class_check action=maybe_recompile pc=0x00007f9d2d453cc4 method=java.lang.reflect.Method.equals(Ljava/lang/Object;)Z @ 5
Event: 7.082 Thread 0x00007f9d3c00a800 Uncommon trap: reason=unstable_if action=reinterpret pc=0x00007f9d2d42cb2c method=java.util.concurrent.ConcurrentHashMap.get(Ljava/lang/Object;)Ljava/lang/Object; @ 152
Event: 7.395 Thread 0x00007f9d3c00a800 Uncommon trap: reason=unstable_if action=reinterpret pc=0x00007f9d2d3b665c method=java.util.concurrent.ConcurrentHashMap.putVal(Ljava/lang/Object;Ljava/lang/Object;Z)Ljava/lang/Object; @ 331
Event: 1853.238 Thread 0x00007f9d3c0e9000 Uncommon trap: reason=unstable_if action=reinterpret pc=0x00007f9d2d2edae0 method=java.lang.CharacterDataLatin1.isWhitespace(I)Z @ 14
Event: 1853.735 Thread 0x00007f9d3c1c4000 Uncommon trap: reason=unstable_if action=reinterpret pc=0x00007f9d2d10f2a8 method=java.util.HashMap$HashIterator.<init>(Ljava/util/HashMap;)V @ 45
Event: 1853.735 Thread 0x00007f9d3c1c4000 Uncommon trap: reason=unstable_if action=reinterpret pc=0x00007f9d2d53cf9c method=java.util.HashMap$HashIterator.<init>(Ljava/util/HashMap;)V @ 45
Event: 1883.735 Thread 0x00007f9d3c1c4000 Uncommon trap: reason=unstable_if action=reinterpret pc=0x00007f9d2d47acb4 method=java.util.HashMap$HashIterator.<init>(Ljava/util/HashMap;)V @ 45
Event: 1916.184 Thread 0x00007f9d3c1c8000 Uncommon trap: reason=predicate action=maybe_recompile pc=0x00007f9d2d159c8c method=java.util.regex.Pattern$Slice.match(Ljava/util/regex/Matcher;ILjava/lang/CharSequence;)Z @ 21

Classes redefined (0 events):
No events

Internal exceptions (10 events):
Event: 2.392 Thread 0x00007f9d3c00a800 Exception <a 'java/lang/ArrayIndexOutOfBoundsException'> (0x00000000b48f82c8) thrown at [/build/openjdk-8-mHow25/openjdk-8-8u222-b10/src/hotspot/src/share/vm/runtime/sharedRuntime.cpp, line 605]
Event: 2.392 Thread 0x00007f9d3c00a800 Exception <a 'java/lang/ArrayIndexOutOfBoundsException'> (0x00000000b48f99e0) thrown at [/build/openjdk-8-mHow25/openjdk-8-8u222-b10/src/hotspot/src/share/vm/runtime/sharedRuntime.cpp, line 605]
Event: 2.397 Thread 0x00007f9d3c00a800 Exception <a 'java/lang/ArrayIndexOutOfBoundsException'> (0x00000000b48fc090) thrown at [/build/openjdk-8-mHow25/openjdk-8-8u222-b10/src/hotspot/src/share/vm/runtime/sharedRuntime.cpp, line 605]
Event: 2.399 Thread 0x00007f9d3c00a800 Exception <a 'java/lang/ArrayIndexOutOfBoundsException'> (0x00000000b4900868) thrown at [/build/openjdk-8-mHow25/openjdk-8-8u222-b10/src/hotspot/src/share/vm/runtime/sharedRuntime.cpp, line 605]
Event: 2.399 Thread 0x00007f9d3c00a800 Exception <a 'java/lang/ArrayIndexOutOfBoundsException'> (0x00000000b4901b38) thrown at [/build/openjdk-8-mHow25/openjdk-8-8u222-b10/src/hotspot/src/share/vm/runtime/sharedRuntime.cpp, line 605]
Event: 2.399 Thread 0x00007f9d3c00a800 Exception <a 'java/lang/ArrayIndexOutOfBoundsException'> (0x00000000b4906418) thrown at [/build/openjdk-8-mHow25/openjdk-8-8u222-b10/src/hotspot/src/share/vm/runtime/sharedRuntime.cpp, line 605]
Event: 2.407 Thread 0x00007f9d3c00a800 Exception <a 'java/lang/ArrayIndexOutOfBoundsException'> (0x00000000b49084d0) thrown at [/build/openjdk-8-mHow25/openjdk-8-8u222-b10/src/hotspot/src/share/vm/runtime/sharedRuntime.cpp, line 605]
Event: 3.304 Thread 0x00007f9d3c00a800 Implicit null exception at 0x00007f9d2d2a7fb5 to 0x00007f9d2d2a8351
Event: 3.304 Thread 0x00007f9d3c00a800 Implicit null exception at 0x00007f9d2d22fdb4 to 0x00007f9d2d230189
Event: 4.439 Thread 0x00007f9d3c00a800 Exception <a 'java/lang/NoSuchMethodError': org.slf4j.impl.StaticMDCBinder.getSingleton()Lorg/slf4j/impl/StaticMDCBinder;> (0x00000000b4ec43c8) thrown at [/build/openjdk-8-mHow25/openjdk-8-8u222-b10/src/hotspot/src/share/vm/interpreter/linkResolver.cpp, l

Events (10 events):
Event: 2078.443 loading class sun/misc/Signal$1 done
Event: 2078.444 Thread 0x00007f9d1c004800 Thread added: 0x00007f9d1c004800
Event: 2078.457 Thread 0x00007f9d1802a000 Thread added: 0x00007f9d1802a000
Event: 2078.458 Thread 0x00007f9d1802c000 Thread added: 0x00007f9d1802c000
Event: 2078.462 Executing VM operation: BulkRevokeBias
Event: 2078.465 Executing VM operation: BulkRevokeBias done
Event: 2078.465 Thread 0x00007f9d1802a000 Thread exited: 0x00007f9d1802a000
Event: 2078.474 loading class java/nio/channels/AsynchronousCloseException
Event: 2078.475 loading class org/eclipse/jetty/util/FutureCallback
Event: 2078.475 loading class org/eclipse/jetty/util/FutureCallback done


Dynamic libraries:
b4600000-b5f60000 rw-p 00000000 00:00 0 
b5f60000-cd950000 ---p 00000000 00:00 0 
cd950000-d0c00000 rw-p 00000000 00:00 0 
d0c00000-100000000 ---p 00000000 00:00 0 
100000000-1003a0000 rw-p 00000000 00:00 0 
1003a0000-140000000 ---p 00000000 00:00 0 
55b89c02f000-55b89c030000 r--p 00000000 08:01 12323446                   /usr/lib/jvm/java-8-openjdk-amd64/jre/bin/java
55b89c030000-55b89c031000 r-xp 00001000 08:01 12323446                   /usr/lib/jvm/java-8-openjdk-amd64/jre/bin/java
55b89c031000-55b89c032000 r--p 00002000 08:01 12323446                   /usr/lib/jvm/java-8-openjdk-amd64/jre/bin/java
55b89c032000-55b89c033000 r--p 00002000 08:01 12323446                   /usr/lib/jvm/java-8-openjdk-amd64/jre/bin/java
55b89c033000-55b89c034000 rw-p 00003000 08:01 12323446                   /usr/lib/jvm/java-8-openjdk-amd64/jre/bin/java
55b89ca51000-55b89ca96000 rw-p 00000000 00:00 0                          [heap]
7f9d08000000-7f9d08021000 rw-p 00000000 00:00 0 
7f9d08021000-7f9d0c000000 ---p 00000000 00:00 0 
7f9d0ef3d000-7f9d0ef40000 ---p 00000000 00:00 0 
7f9d0ef40000-7f9d0f03e000 rw-p 00000000 00:00 0 
7f9d0f03e000-7f9d0f041000 ---p 00000000 00:00 0 
7f9d0f041000-7f9d0f13f000 rw-p 00000000 00:00 0 
7f9d0f1cb000-7f9d0f1ce000 ---p 00000000 00:00 0 
7f9d0f1ce000-7f9d0f2cc000 rw-p 00000000 00:00 0 
7f9d0f2cc000-7f9d0f2cf000 ---p 00000000 00:00 0 
7f9d0f2cf000-7f9d0f58d000 rw-p 00000000 00:00 0 
7f9d0f58d000-7f9d0f5cd000 ---p 00000000 00:00 0 
7f9d0f5f8000-7f9d0f5fb000 ---p 00000000 00:00 0 
7f9d0f5fb000-7f9d0f6f9000 rw-p 00000000 00:00 0 
7f9d0f6f9000-7f9d0f6fc000 ---p 00000000 00:00 0 
7f9d0f6fc000-7f9d0f9fa000 rw-p 00000000 00:00 0 
7f9d0f9fa000-7f9d0f9fd000 ---p 00000000 00:00 0 
7f9d0f9fd000-7f9d0fafb000 rw-p 00000000 00:00 0 
7f9d0fafb000-7f9d0fafe000 ---p 00000000 00:00 0 
7f9d0fafe000-7f9d0fbfc000 rw-p 00000000 00:00 0 
7f9d0fbfc000-7f9d0fbff000 ---p 00000000 00:00 0 
7f9d0fbff000-7f9d0fcfd000 rw-p 00000000 00:00 0 
7f9d0fcfd000-7f9d0fd00000 ---p 00000000 00:00 0 
7f9d0fd00000-7f9d0fdfe000 rw-p 00000000 00:00 0 
7f9d0fdfe000-7f9d0fe01000 ---p 00000000 00:00 0 
7f9d0fe01000-7f9d0feff000 rw-p 00000000 00:00 0 
7f9d0feff000-7f9d0ff02000 ---p 00000000 00:00 0 
7f9d0ff02000-7f9d10000000 rw-p 00000000 00:00 0 
7f9d10000000-7f9d11acc000 rw-p 00000000 00:00 0 
7f9d11acc000-7f9d14000000 ---p 00000000 00:00 0 
7f9d14000000-7f9d149c7000 rw-p 00000000 00:00 0 
7f9d149c7000-7f9d18000000 ---p 00000000 00:00 0 
7f9d18000000-7f9d1802e000 rw-p 00000000 00:00 0 
7f9d1802e000-7f9d1c000000 ---p 00000000 00:00 0 
7f9d1c000000-7f9d1c021000 rw-p 00000000 00:00 0 
7f9d1c021000-7f9d20000000 ---p 00000000 00:00 0 
7f9d20000000-7f9d20021000 rw-p 00000000 00:00 0 
7f9d20021000-7f9d24000000 ---p 00000000 00:00 0 
7f9d240bc000-7f9d240bf000 ---p 00000000 00:00 0 
7f9d240bf000-7f9d241bd000 rw-p 00000000 00:00 0 
7f9d241bd000-7f9d241c0000 ---p 00000000 00:00 0 
7f9d241c0000-7f9d242be000 rw-p 00000000 00:00 0 
7f9d242be000-7f9d242c1000 ---p 00000000 00:00 0 
7f9d242c1000-7f9d243bf000 rw-p 00000000 00:00 0 
7f9d243bf000-7f9d243c2000 ---p 00000000 00:00 0 
7f9d243c2000-7f9d246c0000 rw-p 00000000 00:00 0 
7f9d246c0000-7f9d246c3000 ---p 00000000 00:00 0 
7f9d246c3000-7f9d249c1000 rw-p 00000000 00:00 0 
7f9d249c1000-7f9d24bc1000 rw-p 00000000 00:00 0 
7f9d24bc1000-7f9d24dc1000 rw-p 00000000 00:00 0 
7f9d24dc1000-7f9d267c2000 rw-p 00000000 00:00 0 
7f9d267c2000-7f9d269c2000 rw-p 00000000 00:00 0 
7f9d269c2000-7f9d26c1f000 r--s 01f54000 08:04 7881917                    /home/osboxes/Documents/DropWizardUsuario/target/original-DropWizardUsuario-1.0-SNAPSHOT.jar
7f9d26c1f000-7f9d26c20000 ---p 00000000 00:00 0 
7f9d26c20000-7f9d26d20000 rw-p 00000000 00:00 0 
7f9d26d20000-7f9d26d23000 ---p 00000000 00:00 0 
7f9d26d23000-7f9d26e21000 rw-p 00000000 00:00 0 
7f9d26e21000-7f9d26e22000 ---p 00000000 00:00 0 
7f9d26e22000-7f9d26e25000 ---p 00000000 00:00 0 
7f9d26e25000-7f9d26f22000 rw-p 00000000 00:00 0 
7f9d26f22000-7f9d26f23000 ---p 00000000 00:00 0 
7f9d26f23000-7f9d26f26000 ---p 00000000 00:00 0 
7f9d26f26000-7f9d27023000 rw-p 00000000 00:00 0 
7f9d27023000-7f9d27026000 ---p 00000000 00:00 0 
7f9d27026000-7f9d27124000 rw-p 00000000 00:00 0 
7f9d27124000-7f9d27eff000 r--p 00000000 08:01 12327920                   /usr/lib/locale/locale-archive
7f9d27eff000-7f9d27f02000 ---p 00000000 00:00 0 
7f9d27f02000-7f9d28000000 rw-p 00000000 00:00 0 
7f9d28000000-7f9d28049000 rw-p 00000000 00:00 0 
7f9d28049000-7f9d2c000000 ---p 00000000 00:00 0 
7f9d2c00f000-7f9d2c016000 r--p 00000000 08:01 12323485                   /usr/lib/jvm/java-8-openjdk-amd64/jre/lib/amd64/libnio.so
7f9d2c016000-7f9d2c01e000 r-xp 00007000 08:01 12323485                   /usr/lib/jvm/java-8-openjdk-amd64/jre/lib/amd64/libnio.so
7f9d2c01e000-7f9d2c021000 r--p 0000f000 08:01 12323485                   /usr/lib/jvm/java-8-openjdk-amd64/jre/lib/amd64/libnio.so
7f9d2c021000-7f9d2c022000 r--p 00011000 08:01 12323485                   /usr/lib/jvm/java-8-openjdk-amd64/jre/lib/amd64/libnio.so
7f9d2c022000-7f9d2c023000 rw-p 00012000 08:01 12323485                   /usr/lib/jvm/java-8-openjdk-amd64/jre/lib/amd64/libnio.so
7f9d2c023000-7f9d2c027000 r--p 00000000 08:01 12323484                   /usr/lib/jvm/java-8-openjdk-amd64/jre/lib/amd64/libnet.so
7f9d2c027000-7f9d2c036000 r-xp 00004000 08:01 12323484                   /usr/lib/jvm/java-8-openjdk-amd64/jre/lib/amd64/libnet.so
7f9d2c036000-7f9d2c03a000 r--p 00013000 08:01 12323484                   /usr/lib/jvm/java-8-openjdk-amd64/jre/lib/amd64/libnet.so
7f9d2c03a000-7f9d2c03b000 r--p 00016000 08:01 12323484                   /usr/lib/jvm/java-8-openjdk-amd64/jre/lib/amd64/libnet.so
7f9d2c03b000-7f9d2c03c000 rw-p 00017000 08:01 12323484                   /usr/lib/jvm/java-8-openjdk-amd64/jre/lib/amd64/libnet.so
7f9d2c03c000-7f9d2c03f000 ---p 00000000 00:00 0 
7f9d2c03f000-7f9d2c13d000 rw-p 00000000 00:00 0 
7f9d2c13d000-7f9d2c13e000 ---p 00000000 00:00 0 
7f9d2c13e000-7f9d2c23e000 rw-p 00000000 00:00 0 
7f9d2c23e000-7f9d2c40e000 r--s 03c5c000 08:01 12323525                   /usr/lib/jvm/java-8-openjdk-amd64/jre/lib/rt.jar
7f9d2c40e000-7f9d2cc28000 rw-p 00000000 00:00 0 
7f9d2cc28000-7f9d2cda2000 ---p 00000000 00:00 0 
7f9d2cda2000-7f9d2cdaf000 rw-p 00000000 00:00 0 
7f9d2cdaf000-7f9d2ce6b000 ---p 00000000 00:00 0 
7f9d2ce6b000-7f9d2ce85000 rw-p 00000000 00:00 0 
7f9d2ce85000-7f9d2cfff000 ---p 00000000 00:00 0 
7f9d2cfff000-7f9d2d000000 rw-p 00000000 00:00 0 
7f9d2d000000-7f9d2d6d0000 rwxp 00000000 00:00 0 
7f9d2d6d0000-7f9d3c000000 ---p 00000000 00:00 0 
7f9d3c000000-7f9d3ca1b000 rw-p 00000000 00:00 0 
7f9d3ca1b000-7f9d40000000 ---p 00000000 00:00 0 
7f9d40007000-7f9d4000b000 r--p 00000000 08:01 12323482                   /usr/lib/jvm/java-8-openjdk-amd64/jre/lib/amd64/libmanagement.so
7f9d4000b000-7f9d4000f000 r-xp 00004000 08:01 12323482                   /usr/lib/jvm/java-8-openjdk-amd64/jre/lib/amd64/libmanagement.so
7f9d4000f000-7f9d40011000 r--p 00008000 08:01 12323482                   /usr/lib/jvm/java-8-openjdk-amd64/jre/lib/amd64/libmanagement.so
7f9d40011000-7f9d40012000 r--p 00009000 08:01 12323482                   /usr/lib/jvm/java-8-openjdk-amd64/jre/lib/amd64/libmanagement.so
7f9d40012000-7f9d40013000 rw-p 0000a000 08:01 12323482                   /usr/lib/jvm/java-8-openjdk-amd64/jre/lib/amd64/libmanagement.so
7f9d40013000-7f9d40015000 r--s 00007000 08:01 13112448                   /usr/share/java/java-atk-wrapper.jar
7f9d40015000-7f9d40030000 r--s 00394000 08:01 12323506                   /usr/lib/jvm/java-8-openjdk-amd64/jre/lib/ext/cldrdata.jar
7f9d40030000-7f9d40035000 r--s 0003c000 08:01 12323513                   /usr/lib/jvm/java-8-openjdk-amd64/jre/lib/ext/sunjce_provider.jar
7f9d40035000-7f9d4003f000 r--s 00116000 08:01 12323510                   /usr/lib/jvm/java-8-openjdk-amd64/jre/lib/ext/localedata.jar
7f9d4003f000-7f9d40041000 r--s 00001000 08:01 12323507                   /usr/lib/jvm/java-8-openjdk-amd64/jre/lib/ext/dnsns.jar
7f9d40041000-7f9d40044000 r--s 0000f000 08:01 12323508                   /usr/lib/jvm/java-8-openjdk-amd64/jre/lib/ext/icedtea-sound.jar
7f9d40044000-7f9d40045000 r--s 0000a000 08:01 12323509                   /usr/lib/jvm/java-8-openjdk-amd64/jre/lib/ext/jaccess.jar
7f9d40045000-7f9d40048000 r--s 00039000 08:01 12323514                   /usr/lib/jvm/java-8-openjdk-amd64/jre/lib/ext/sunpkcs11.jar
7f9d40048000-7f9d40049000 r--s 00010000 08:01 12323515                   /usr/lib/jvm/java-8-openjdk-amd64/jre/lib/ext/zipfs.jar
7f9d40049000-7f9d40064000 r--s 001d6000 08:01 12323511                   /usr/lib/jvm/java-8-openjdk-amd64/jre/lib/ext/nashorn.jar
7f9d40064000-7f9d40065000 r--s 0000d000 08:01 12323512                   /usr/lib/jvm/java-8-openjdk-amd64/jre/lib/ext/sunec.jar
7f9d40065000-7f9d401a0000 rw-p 00000000 00:00 0 
7f9d401a0000-7f9d40544000 ---p 00000000 00:00 0 
7f9d40544000-7f9d40547000 r--p 00000000 08:01 12329340                   /usr/lib/x86_64-linux-gnu/libnss_files-2.29.so
7f9d40547000-7f9d4054e000 r-xp 00003000 08:01 12329340                   /usr/lib/x86_64-linux-gnu/libnss_files-2.29.so
7f9d4054e000-7f9d40550000 r--p 0000a000 08:01 12329340                   /usr/lib/x86_64-linux-gnu/libnss_files-2.29.so
7f9d40550000-7f9d40551000 r--p 0000b000 08:01 12329340                   /usr/lib/x86_64-linux-gnu/libnss_files-2.29.so
7f9d40551000-7f9d40552000 rw-p 0000c000 08:01 12329340                   /usr/lib/x86_64-linux-gnu/libnss_files-2.29.so
7f9d40552000-7f9d40558000 rw-p 00000000 00:00 0 
7f9d40558000-7f9d4055b000 r--p 00000000 08:01 12323492                   /usr/lib/jvm/java-8-openjdk-amd64/jre/lib/amd64/libzip.so
7f9d4055b000-7f9d4055f000 r-xp 00003000 08:01 12323492                   /usr/lib/jvm/java-8-openjdk-amd64/jre/lib/amd64/libzip.so
7f9d4055f000-7f9d40561000 r--p 00007000 08:01 12323492                   /usr/lib/jvm/java-8-openjdk-amd64/jre/lib/amd64/libzip.so
7f9d40561000-7f9d40562000 r--p 00008000 08:01 12323492                   /usr/lib/jvm/java-8-openjdk-amd64/jre/lib/amd64/libzip.so
7f9d40562000-7f9d40563000 rw-p 00009000 08:01 12323492                   /usr/lib/jvm/java-8-openjdk-amd64/jre/lib/amd64/libzip.so
7f9d40563000-7f9d4056b000 rw-s 00000000 08:01 14294791                   /tmp/hsperfdata_osboxes/25151
7f9d4056b000-7f9d4056c000 rw-p 00000000 00:00 0 
7f9d4056c000-7f9d4056d000 r--p 00000000 00:00 0 
7f9d4056d000-7f9d4057a000 r--p 00000000 08:01 12323473                   /usr/lib/jvm/java-8-openjdk-amd64/jre/lib/amd64/libjava.so
7f9d4057a000-7f9d40591000 r-xp 0000d000 08:01 12323473                   /usr/lib/jvm/java-8-openjdk-amd64/jre/lib/amd64/libjava.so
7f9d40591000-7f9d40598000 r--p 00024000 08:01 12323473                   /usr/lib/jvm/java-8-openjdk-amd64/jre/lib/amd64/libjava.so
7f9d40598000-7f9d40599000 r--p 0002a000 08:01 12323473                   /usr/lib/jvm/java-8-openjdk-amd64/jre/lib/amd64/libjava.so
7f9d40599000-7f9d4059b000 rw-p 0002b000 08:01 12323473                   /usr/lib/jvm/java-8-openjdk-amd64/jre/lib/amd64/libjava.so
7f9d4059b000-7f9d4059e000 r--p 00000000 08:01 12329548                   /usr/lib/x86_64-linux-gnu/librt-2.29.so
7f9d4059e000-7f9d405a2000 r-xp 00003000 08:01 12329548                   /usr/lib/x86_64-linux-gnu/librt-2.29.so
7f9d405a2000-7f9d405a4000 r--p 00007000 08:01 12329548                   /usr/lib/x86_64-linux-gnu/librt-2.29.so
7f9d405a4000-7f9d405a5000 r--p 00008000 08:01 12329548                   /usr/lib/x86_64-linux-gnu/librt-2.29.so
7f9d405a5000-7f9d405a6000 rw-p 00009000 08:01 12329548                   /usr/lib/x86_64-linux-gnu/librt-2.29.so
7f9d405a6000-7f9d405a7000 ---p 00000000 00:00 0 
7f9d405a7000-7f9d405aa000 ---p 00000000 00:00 0 
7f9d405aa000-7f9d406a7000 rw-p 00000000 00:00 0 
7f9d406a7000-7f9d406aa000 r--p 00000000 08:01 12321514                   /usr/lib/x86_64-linux-gnu/libgcc_s.so.1
7f9d406aa000-7f9d406bb000 r-xp 00003000 08:01 12321514                   /usr/lib/x86_64-linux-gnu/libgcc_s.so.1
7f9d406bb000-7f9d406bf000 r--p 00014000 08:01 12321514                   /usr/lib/x86_64-linux-gnu/libgcc_s.so.1
7f9d406bf000-7f9d406c0000 r--p 00017000 08:01 12321514                   /usr/lib/x86_64-linux-gnu/libgcc_s.so.1
7f9d406c0000-7f9d406c1000 rw-p 00018000 08:01 12321514                   /usr/lib/x86_64-linux-gnu/libgcc_s.so.1
7f9d406c1000-7f9d406d0000 r--p 00000000 08:01 12329212                   /usr/lib/x86_64-linux-gnu/libm-2.29.so
7f9d406d0000-7f9d40776000 r-xp 0000f000 08:01 12329212                   /usr/lib/x86_64-linux-gnu/libm-2.29.so
7f9d40776000-7f9d4080d000 r--p 000b5000 08:01 12329212                   /usr/lib/x86_64-linux-gnu/libm-2.29.so
7f9d4080d000-7f9d4080e000 r--p 0014b000 08:01 12329212                   /usr/lib/x86_64-linux-gnu/libm-2.29.so
7f9d4080e000-7f9d4080f000 rw-p 0014c000 08:01 12329212                   /usr/lib/x86_64-linux-gnu/libm-2.29.so
7f9d4080f000-7f9d408a4000 r--p 00000000 08:01 12321658                   /usr/lib/x86_64-linux-gnu/libstdc++.so.6.0.26
7f9d408a4000-7f9d40996000 r-xp 00095000 08:01 12321658                   /usr/lib/x86_64-linux-gnu/libstdc++.so.6.0.26
7f9d40996000-7f9d409df000 r--p 00187000 08:01 12321658                   /usr/lib/x86_64-linux-gnu/libstdc++.so.6.0.26
7f9d409df000-7f9d409e0000 ---p 001d0000 08:01 12321658                   /usr/lib/x86_64-linux-gnu/libstdc++.so.6.0.26
7f9d409e0000-7f9d409eb000 r--p 001d0000 08:01 12321658                   /usr/lib/x86_64-linux-gnu/libstdc++.so.6.0.26
7f9d409eb000-7f9d409ee000 rw-p 001db000 08:01 12321658                   /usr/lib/x86_64-linux-gnu/libstdc++.so.6.0.26
7f9d409ee000-7f9d409f1000 rw-p 00000000 00:00 0 
7f9d409f1000-7f9d40be0000 r--p 00000000 08:01 12323495                   /usr/lib/jvm/java-8-openjdk-amd64/jre/lib/amd64/server/libjvm.so
7f9d40be0000-7f9d41433000 r-xp 001ef000 08:01 12323495                   /usr/lib/jvm/java-8-openjdk-amd64/jre/lib/amd64/server/libjvm.so
7f9d41433000-7f9d415d0000 r--p 00a42000 08:01 12323495                   /usr/lib/jvm/java-8-openjdk-amd64/jre/lib/amd64/server/libjvm.so
7f9d415d0000-7f9d41664000 r--p 00bde000 08:01 12323495                   /usr/lib/jvm/java-8-openjdk-amd64/jre/lib/amd64/server/libjvm.so
7f9d41664000-7f9d4168d000 rw-p 00c72000 08:01 12323495                   /usr/lib/jvm/java-8-openjdk-amd64/jre/lib/amd64/server/libjvm.so
7f9d4168d000-7f9d416bf000 rw-p 00000000 00:00 0 
7f9d416bf000-7f9d416c6000 r--p 00000000 08:01 12329482                   /usr/lib/x86_64-linux-gnu/libpthread-2.29.so
7f9d416c6000-7f9d416d5000 r-xp 00007000 08:01 12329482                   /usr/lib/x86_64-linux-gnu/libpthread-2.29.so
7f9d416d5000-7f9d416da000 r--p 00016000 08:01 12329482                   /usr/lib/x86_64-linux-gnu/libpthread-2.29.so
7f9d416da000-7f9d416db000 r--p 0001a000 08:01 12329482                   /usr/lib/x86_64-linux-gnu/libpthread-2.29.so
7f9d416db000-7f9d416dc000 rw-p 0001b000 08:01 12329482                   /usr/lib/x86_64-linux-gnu/libpthread-2.29.so
7f9d416dc000-7f9d416e0000 rw-p 00000000 00:00 0 
7f9d416e0000-7f9d416e1000 r--p 00000000 08:01 12328730                   /usr/lib/x86_64-linux-gnu/libdl-2.29.so
7f9d416e1000-7f9d416e3000 r-xp 00001000 08:01 12328730                   /usr/lib/x86_64-linux-gnu/libdl-2.29.so
7f9d416e3000-7f9d416e4000 r--p 00003000 08:01 12328730                   /usr/lib/x86_64-linux-gnu/libdl-2.29.so
7f9d416e4000-7f9d416e5000 r--p 00003000 08:01 12328730                   /usr/lib/x86_64-linux-gnu/libdl-2.29.so
7f9d416e5000-7f9d416e6000 rw-p 00004000 08:01 12328730                   /usr/lib/x86_64-linux-gnu/libdl-2.29.so
7f9d416e6000-7f9d416e8000 r--p 00000000 08:01 12329898                   /usr/lib/x86_64-linux-gnu/libz.so.1.2.11
7f9d416e8000-7f9d416f9000 r-xp 00002000 08:01 12329898                   /usr/lib/x86_64-linux-gnu/libz.so.1.2.11
7f9d416f9000-7f9d416ff000 r--p 00013000 08:01 12329898                   /usr/lib/x86_64-linux-gnu/libz.so.1.2.11
7f9d416ff000-7f9d41700000 ---p 00019000 08:01 12329898                   /usr/lib/x86_64-linux-gnu/libz.so.1.2.11
7f9d41700000-7f9d41701000 r--p 00019000 08:01 12329898                   /usr/lib/x86_64-linux-gnu/libz.so.1.2.11
7f9d41701000-7f9d41702000 rw-p 0001a000 08:01 12329898                   /usr/lib/x86_64-linux-gnu/libz.so.1.2.11
7f9d41702000-7f9d41727000 r--p 00000000 08:01 12328593                   /usr/lib/x86_64-linux-gnu/libc-2.29.so
7f9d41727000-7f9d4189a000 r-xp 00025000 08:01 12328593                   /usr/lib/x86_64-linux-gnu/libc-2.29.so
7f9d4189a000-7f9d418e3000 r--p 00198000 08:01 12328593                   /usr/lib/x86_64-linux-gnu/libc-2.29.so
7f9d418e3000-7f9d418e6000 r--p 001e0000 08:01 12328593                   /usr/lib/x86_64-linux-gnu/libc-2.29.so
7f9d418e6000-7f9d418e9000 rw-p 001e3000 08:01 12328593                   /usr/lib/x86_64-linux-gnu/libc-2.29.so
7f9d418e9000-7f9d418ed000 rw-p 00000000 00:00 0 
7f9d418ed000-7f9d418f2000 r--p 00000000 08:01 12323491                   /usr/lib/jvm/java-8-openjdk-amd64/jre/lib/amd64/libverify.so
7f9d418f2000-7f9d418fb000 r-xp 00005000 08:01 12323491                   /usr/lib/jvm/java-8-openjdk-amd64/jre/lib/amd64/libverify.so
7f9d418fb000-7f9d418fd000 r--p 0000e000 08:01 12323491                   /usr/lib/jvm/java-8-openjdk-amd64/jre/lib/amd64/libverify.so
7f9d418fd000-7f9d418ff000 r--p 0000f000 08:01 12323491                   /usr/lib/jvm/java-8-openjdk-amd64/jre/lib/amd64/libverify.so
7f9d418ff000-7f9d41900000 rw-p 00011000 08:01 12323491                   /usr/lib/jvm/java-8-openjdk-amd64/jre/lib/amd64/libverify.so
7f9d41900000-7f9d41902000 r--p 00000000 08:01 12323459                   /usr/lib/jvm/java-8-openjdk-amd64/jre/lib/amd64/jli/libjli.so
7f9d41902000-7f9d4190b000 r-xp 00002000 08:01 12323459                   /usr/lib/jvm/java-8-openjdk-amd64/jre/lib/amd64/jli/libjli.so
7f9d4190b000-7f9d4190e000 r--p 0000b000 08:01 12323459                   /usr/lib/jvm/java-8-openjdk-amd64/jre/lib/amd64/jli/libjli.so
7f9d4190e000-7f9d4190f000 r--p 0000d000 08:01 12323459                   /usr/lib/jvm/java-8-openjdk-amd64/jre/lib/amd64/jli/libjli.so
7f9d4190f000-7f9d41910000 rw-p 0000e000 08:01 12323459                   /usr/lib/jvm/java-8-openjdk-amd64/jre/lib/amd64/jli/libjli.so
7f9d41910000-7f9d41912000 rw-p 00000000 00:00 0 
7f9d41912000-7f9d41913000 r--p 00000000 08:01 12328373                   /usr/lib/x86_64-linux-gnu/ld-2.29.so
7f9d41913000-7f9d41934000 r-xp 00001000 08:01 12328373                   /usr/lib/x86_64-linux-gnu/ld-2.29.so
7f9d41934000-7f9d4193c000 r--p 00022000 08:01 12328373                   /usr/lib/x86_64-linux-gnu/ld-2.29.so
7f9d4193c000-7f9d4193d000 r--p 00029000 08:01 12328373                   /usr/lib/x86_64-linux-gnu/ld-2.29.so
7f9d4193d000-7f9d4193e000 rw-p 0002a000 08:01 12328373                   /usr/lib/x86_64-linux-gnu/ld-2.29.so
7f9d4193e000-7f9d4193f000 rw-p 00000000 00:00 0 
7ffd894d9000-7ffd894fa000 rw-p 00000000 00:00 0                          [stack]
7ffd895e2000-7ffd895e5000 r--p 00000000 00:00 0                          [vvar]
7ffd895e5000-7ffd895e6000 r-xp 00000000 00:00 0                          [vdso]
ffffffffff600000-ffffffffff601000 r-xp 00000000 00:00 0                  [vsyscall]

VM Arguments:
java_command: target/DropWizardUsuario-1.0-SNAPSHOT.jar server
java_class_path (initial): target/DropWizardUsuario-1.0-SNAPSHOT.jar
Launcher Type: SUN_STANDARD

Environment Variables:
PATH=/usr/local/sbin:/usr/local/bin:/usr/sbin:/usr/bin:/sbin:/bin:/usr/games:/usr/local/games:/snap/bin:/opt/apache-maven-3.6.2-bin/apache-maven-3.6.2/bin
USERNAME=osboxes
SHELL=/bin/bash
DISPLAY=:0

Signal Handlers:
SIGSEGV: [libjvm.so+0xa21be0], sa_mask[0]=11111111011111111101111111111110, sa_flags=SA_RESTART|SA_SIGINFO
SIGBUS: [libjvm.so+0xa21be0], sa_mask[0]=11111111011111111101111111111110, sa_flags=SA_RESTART|SA_SIGINFO
SIGFPE: [libjvm.so+0x8829a0], sa_mask[0]=11111111011111111101111111111110, sa_flags=SA_RESTART|SA_SIGINFO
SIGPIPE: [libjvm.so+0x8829a0], sa_mask[0]=11111111011111111101111111111110, sa_flags=SA_RESTART|SA_SIGINFO
SIGXFSZ: [libjvm.so+0x8829a0], sa_mask[0]=11111111011111111101111111111110, sa_flags=SA_RESTART|SA_SIGINFO
SIGILL: [libjvm.so+0x8829a0], sa_mask[0]=11111111011111111101111111111110, sa_flags=SA_RESTART|SA_SIGINFO
SIGUSR1: SIG_DFL, sa_mask[0]=00000000000000000000000000000000, sa_flags=none
SIGUSR2: [libjvm.so+0x882840], sa_mask[0]=00000000000000000000000000000000, sa_flags=SA_RESTART|SA_SIGINFO
SIGHUP: [libjvm.so+0x882c20], sa_mask[0]=11111111011111111101111111111110, sa_flags=SA_RESTART|SA_SIGINFO
SIGINT: [libjvm.so+0x882c20], sa_mask[0]=11111111011111111101111111111110, sa_flags=SA_RESTART|SA_SIGINFO
SIGTERM: [libjvm.so+0x882c20], sa_mask[0]=11111111011111111101111111111110, sa_flags=SA_RESTART|SA_SIGINFO
SIGQUIT: [libjvm.so+0x882c20], sa_mask[0]=11111111011111111101111111111110, sa_flags=SA_RESTART|SA_SIGINFO


---------------  S Y S T E M  ---------------

OS:DISTRIB_ID=Ubuntu
DISTRIB_RELEASE=19.04
DISTRIB_CODENAME=disco
DISTRIB_DESCRIPTION="Ubuntu 19.04"

uname:Linux 5.0.0-29-generic #31-Ubuntu SMP Thu Sep 12 13:05:32 UTC 2019 x86_64
libc:glibc 2.29 NPTL 2.29 
rlimit: STACK 8192k, CORE 0k, NPROC 19156, NOFILE 524288, AS infinity
load average:1.83 1.47 1.33

/proc/meminfo:
MemTotal:        4952816 kB
MemFree:          359292 kB
MemAvailable:     627360 kB
Buffers:           37848 kB
Cached:           712404 kB
SwapCached:        99700 kB
Active:          3348892 kB
Inactive:         958968 kB
Active(anon):    3086704 kB
Inactive(anon):   771792 kB
Active(file):     262188 kB
Inactive(file):   187176 kB
Unevictable:          60 kB
Mlocked:              60 kB
SwapTotal:       8787964 kB
SwapFree:        7195132 kB
Dirty:               832 kB
Writeback:             0 kB
AnonPages:       3544076 kB
Mapped:           527012 kB
Shmem:            300872 kB
KReclaimable:      50956 kB
Slab:             143772 kB
SReclaimable:      50956 kB
SUnreclaim:        92816 kB
KernelStack:       18912 kB
PageTables:        56616 kB
NFS_Unstable:          0 kB
Bounce:                0 kB
WritebackTmp:          0 kB
CommitLimit:    11264372 kB
Committed_AS:   14717456 kB
VmallocTotal:   34359738367 kB
VmallocUsed:           0 kB
VmallocChunk:          0 kB
Percpu:              652 kB
HardwareCorrupted:     0 kB
AnonHugePages:         0 kB
ShmemHugePages:        0 kB
ShmemPmdMapped:        0 kB
CmaTotal:              0 kB
CmaFree:               0 kB
HugePages_Total:       0
HugePages_Free:        0
HugePages_Rsvd:        0
HugePages_Surp:        0
Hugepagesize:       2048 kB
Hugetlb:               0 kB
DirectMap4k:      245696 kB
DirectMap2M:     4880384 kB

container (cgroup) information:
container_type: cgroupv1
cpu_cpuset_cpus: 0
cpu_memory_nodes: 0
active_processor_count: 1
cpu_quota: -1
cpu_period: 100000
cpu_shares: -1
memory_limit_in_bytes: -1
memory_and_swap_limit_in_bytes: -2
memory_soft_limit_in_bytes: -1
memory_usage_in_bytes: 190464000
memory_max_usage_in_bytes: 391262208


CPU:total 1 (initial active 1) (1 cores per cpu, 1 threads per core) family 6 model 78 stepping 3, cmov, cx8, fxsr, mmx, sse, sse2, sse3, ssse3, sse4.1, sse4.2, popcnt, avx, avx2, aes, clmul, 3dnowpref, lzcnt, tsc, tscinvbit

/proc/cpuinfo:
processor	: 0
vendor_id	: GenuineIntel
cpu family	: 6
model		: 78
model name	: Intel(R) Core(TM) i7-6600U CPU @ 2.60GHz
stepping	: 3
cpu MHz		: 2808.002
cache size	: 4096 KB
physical id	: 0
siblings	: 1
core id		: 0
cpu cores	: 1
apicid		: 0
initial apicid	: 0
fpu		: yes
fpu_exception	: yes
cpuid level	: 22
wp		: yes
flags		: fpu vme de pse tsc msr pae mce cx8 apic sep mtrr pge mca cmov pat pse36 clflush mmx fxsr sse sse2 syscall nx rdtscp lm constant_tsc rep_good nopl xtopology nonstop_tsc cpuid tsc_known_freq pni pclmulqdq monitor ssse3 cx16 pcid sse4_1 sse4_2 x2apic movbe popcnt aes xsave avx rdrand hypervisor lahf_lm abm 3dnowprefetch invpcid_single pti fsgsbase avx2 invpcid rdseed clflushopt
bugs		: cpu_meltdown spectre_v1 spectre_v2 spec_store_bypass l1tf mds swapgs
bogomips	: 5616.00
clflush size	: 64
cache_alignment	: 64
address sizes	: 39 bits physical, 48 bits virtual
power management:



Memory: 4k page, physical 4952816k(359292k free), swap 8787964k(7195132k free)

vm_info: OpenJDK 64-Bit Server VM (25.222-b10) for linux-amd64 JRE (1.8.0_222-8u222-b10-1ubuntu1~19.04.1-b10), built on Jul 18 2019 18:52:48 by "buildd" with gcc 8.3.0

time: Thu Sep 19 01:40:49 2019
timezone: EDT
elapsed time: 2078 seconds (0d 0h 34m 38s)

